[2025-03-17 03:28:49] {
    "id_o": 35,
    "points": 1000,
    "room_name": "dasdadsa",
    "private": true,
    "password": "dasdasdas",
    "player_capacity": 2,
    "time_limit": 1000
}
[2025-03-17 03:29:56] {
    "id_o": 35,
    "points": 1000,
    "room_name": "Sala publica",
    "private": false,
    "password": "",
    "player_capacity": 2,
    "time_limit": 1000
}
[2025-03-17 03:30:16] {
    "id_o": 35,
    "points": 1000,
    "room_name": "Sala privada",
    "private": true,
    "password": "123",
    "player_capacity": 2,
    "time_limit": 1000
}
